0 info it worked if it ends with ok
1 verbose cli [ '/usr/bin/nodejs', '/usr/local/bin/npm', 'run', 'watch' ]
2 info using npm@2.9.0
3 info using node@v4.2.2
4 verbose run-script [ 'prewatch', 'watch', 'postwatch' ]
5 info prewatch wykresy@1.0.0
6 info watch wykresy@1.0.0
7 verbose unsafe-perm in lifecycle true
8 info wykresy@1.0.0 Failed to exec watch script
9 verbose stack Error: wykresy@1.0.0 watch: `riot -ext html -m -w tag/ build.js`
9 verbose stack Exit status 1
9 verbose stack     at EventEmitter.<anonymous> (/usr/local/lib/node_modules/npm/lib/utils/lifecycle.js:213:16)
9 verbose stack     at emitTwo (events.js:87:13)
9 verbose stack     at EventEmitter.emit (events.js:172:7)
9 verbose stack     at ChildProcess.<anonymous> (/usr/local/lib/node_modules/npm/lib/utils/spawn.js:24:14)
9 verbose stack     at emitTwo (events.js:87:13)
9 verbose stack     at ChildProcess.emit (events.js:172:7)
9 verbose stack     at maybeClose (internal/child_process.js:818:16)
9 verbose stack     at Process.ChildProcess._handle.onexit (internal/child_process.js:211:5)
10 verbose pkgid wykresy@1.0.0
11 verbose cwd /home/poldas/www/wykresy
12 error Linux 3.19.0-26-generic
13 error argv "/usr/bin/nodejs" "/usr/local/bin/npm" "run" "watch"
14 error node v4.2.2
15 error npm  v2.9.0
16 error code ELIFECYCLE
17 error wykresy@1.0.0 watch: `riot -ext html -m -w tag/ build.js`
17 error Exit status 1
18 error Failed at the wykresy@1.0.0 watch script 'riot -ext html -m -w tag/ build.js'.
18 error This is most likely a problem with the wykresy package,
18 error not with npm itself.
18 error Tell the author that this fails on your system:
18 error     riot -ext html -m -w tag/ build.js
18 error You can get their info via:
18 error     npm owner ls wykresy
18 error There is likely additional logging output above.
19 verbose exit [ 1, true ]
